dog breeds 2.0/gradleBuild/outputs/logs/manifest-merger-debug-report.txt
-- Merging decision tree log ---
manifest
ADDED from Desktop\dog breeds\AndroidManifest.xml:2:1-45:12
INJECTED from Desktop\dog breeds\AndroidManifest.xml:2:1-45:12
INJECTED from Desktop\dog breeds\AndroidManifest.xml:2:1-45:12
INJECTED from Desktop\dog breeds\AndroidManifest.xml:2:1-45:12
MERGED from [org.tensorflow:tensorflow-android:1.8.0] AndroidManifest.xml:2:1-8:12
MERGED from [com.github.PhilJay:MPAndroidChart:v3.1.0] AndroidManifest.xml:2:1-20:12
MERGED from [androidx.legacy:legacy-support-v4:1.0.0] AndroidManifest.xml:17:1-22:12
MERGED from [androidx.constraintlayout:constraintlayout:2.0.4] AndroidManifest.xml:2:1-11:12
MERGED from [androidx.media:media:1.0.0] AndroidManifest.xml:17:1-22:12
MERGED from [androidx.legacy:legacy-support-core-ui:1.0.0] AndroidManifest.xml:17:1-22:12
MERGED from [androidx.legacy:legacy-support-core-utils:1.0.0] AndroidManifest.xml:17:1-22:12
MERGED from [androidx.appcompat:appcompat:1.2.0] AndroidManifest.xml:17:1-24:12
MERGED from [androidx.fragment:fragment:1.1.0] AndroidManifest.xml:17:1-24:12
MERGED from [androidx.loader:loader:1.0.0] AndroidManifest.xml:17:1-22:12
MERGED from [androidx.viewpager:viewpager:1.0.0] AndroidManifest.xml:17:1-22:12
MERGED from [androidx.coordinatorlayout:coordinatorlayout:1.0.0] AndroidManifest.xml:17:1-22:12
MERGED from [androidx.drawerlayout:drawerlayout:1.0.0] AndroidManifest.xml:17:1-22:12
MERGED from [androidx.slidingpanelayout:slidingpanelayout:1.0.0] AndroidManifest.xml:17:1-22:12
MERGED from [androidx.customview:customview:1.0.0] AndroidManifest.xml:17:1-22:12
MERGED from [androidx.swiperefreshlayout:swiperefreshlayout:1.0.0] AndroidManifest.xml:17:1-22:12
MERGED from [androidx.asynclayoutinflater:asynclayoutinflater:1.0.0] AndroidManifest.xml:17:1-22:12
MERGED from [androidx.appcompat:appcompat-resources:1.2.0] AndroidManifest.xml:17:1-24:12
MERGED from [androidx.activity:activity:1.0.0] AndroidManifest.xml:17:1-24:12
MERGED from [androidx.vectordrawable:vectordrawable-animated:1.1.0] AndroidManifest.xml:17:1-24:12
MERGED from [androidx.vectordrawable:vectordrawable:1.1.0] AndroidManifest.xml:17:1-24:12
MERGED from [androidx.core:core:1.3.1] AndroidManifest.xml:17:1-26:12
MERGED from [androidx.documentfile:documentfile:1.0.0] AndroidManifest.xml:17:1-22:12
MERGED from [androidx.localbroadcastmanager:localbroadcastmanager:1.0.0] AndroidManifest.xml:17:1-22:12
MERGED from [androidx.print:print:1.0.0] AndroidManifest.xml:17:1-22:12
MERGED from [androidx.interpolator:interpolator:1.0.0] AndroidManifest.xml:17:1-22:12
MERGED from [androidx.cursoradapter:cursoradapter:1.0.0] AndroidManifest.xml:17:1-22:12
MERGED from [androidx.versionedparcelable:versionedparcelable:1.1.0] AndroidManifest.xml:17:1-27:12
MERGED from [androidx.lifecycle:lifecycle-livedata:2.0.0] AndroidManifest.xml:17:1-22:12
MERGED from [androidx.lifecycle:lifecycle-livedata-core:2.0.0] AndroidManifest.xml:17:1-22:12
MERGED from [androidx.arch.core:core-runtime:2.0.0] AndroidManifest.xml:17:1-22:12
MERGED from [androidx.lifecycle:lifecycle-runtime:2.1.0] AndroidManifest.xml:17:1-22:12
MERGED from [androidx.lifecycle:lifecycle-viewmodel:2.1.0] AndroidManifest.xml:17:1-22:12
MERGED from [androidx.savedstate:savedstate:1.0.0] AndroidManifest.xml:17:1-24:12
INJECTED from Desktop\dog breeds\AndroidManifest.xml:2:1-45:12
INJECTED from Desktop\dog breeds\AndroidManifest.xml:2:1-45:12
INJECTED from Desktop\dog breeds\AndroidManifest.xml:2:1-45:12
	package
		ADDED from Desktop\dog breeds\AndroidManifest.xml:4:5-34
		INJECTED from Desktop\dog breeds\AndroidManifest.xml
		INJECTED from Desktop\dog breeds\AndroidManifest.xml
	android:versionName
		INJECTED from Desktop\dog breeds\AndroidManifest.xml
		ADDED from Desktop\dog breeds\AndroidManifest.xml:2:1-45:12
		INJECTED from Desktop\dog breeds\AndroidManifest.xml
	xmlns:tools
		ADDED from Desktop\dog breeds\AndroidManifest.xml:3:5-51
	android:versionCode
		INJECTED from Desktop\dog breeds\AndroidManifest.xml
		ADDED from Desktop\dog breeds\AndroidManifest.xml:2:1-45:12
		INJECTED from Desktop\dog breeds\AndroidManifest.xml
	xmlns:android
		ADDED from Desktop\dog breeds\AndroidManifest.xml:2:11-69
uses-permission#android.permission.CAMERA
ADDED from Desktop\dog breeds\AndroidManifest.xml:6:5-65
	android:name
		ADDED from Desktop\dog breeds\AndroidManifest.xml:6:22-62
uses-permission#android.permission.READ_EXTERNAL_STORAGE
ADDED from Desktop\dog breeds\AndroidManifest.xml:7:5-80
	android:name
		ADDED from Desktop\dog breeds\AndroidManifest.xml:7:22-77
uses-permission#android.permission.WRITE_EXTERNAL_STORAGE
ADDED from Desktop\dog breeds\AndroidManifest.xml:8:5-81
	android:name
		ADDED from Desktop\dog breeds\AndroidManifest.xml:8:22-78
uses-permission#android.permission.READ_PHONE_STATE
ADDED from Desktop\dog breeds\AndroidManifest.xml:11:5-13:31
	tools:node
		ADDED from Desktop\dog breeds\AndroidManifest.xml:13:9-28
	android:name
		ADDED from Desktop\dog breeds\AndroidManifest.xml:12:9-59
uses-feature#android.hardware.camera
ADDED from Desktop\dog breeds\AndroidManifest.xml:15:5-60
	android:name
		ADDED from Desktop\dog breeds\AndroidManifest.xml:15:19-57
uses-feature#android.hardware.camera.autofocus
ADDED from Desktop\dog breeds\AndroidManifest.xml:16:5-70
	android:name
		ADDED from Desktop\dog breeds\AndroidManifest.xml:16:19-67
application
ADDED from Desktop\dog breeds\AndroidManifest.xml:18:5-43:19
MERGED from [org.tensorflow:tensorflow-android:1.8.0] AndroidManifest.xml:5:5-6:19
MERGED from [org.tensorflow:tensorflow-android:1.8.0] AndroidManifest.xml:5:5-6:19
MERGED from [androidx.constraintlayout:constraintlayout:2.0.4] AndroidManifest.xml:9:5-20
MERGED from [androidx.constraintlayout:constraintlayout:2.0.4] AndroidManifest.xml:9:5-20
MERGED from [androidx.core:core:1.3.1] AndroidManifest.xml:24:5-89
MERGED from [androidx.core:core:1.3.1] AndroidManifest.xml:24:5-89
MERGED from [androidx.versionedparcelable:versionedparcelable:1.1.0] AndroidManifest.xml:24:5-25:19
MERGED from [androidx.versionedparcelable:versionedparcelable:1.1.0] AndroidManifest.xml:24:5-25:19
	android:appComponentFactory
		ADDED from [androidx.core:core:1.3.1] AndroidManifest.xml:24:18-86
	android:label
		ADDED from Desktop\dog breeds\AndroidManifest.xml:21:9-41
	android:icon
		ADDED from Desktop\dog breeds\AndroidManifest.xml:20:9-45
	android:allowBackup
		ADDED from Desktop\dog breeds\AndroidManifest.xml:19:9-35
activity#com.jstappdev.dbclf.ClassifierActivity
ADDED from Desktop\dog breeds\AndroidManifest.xml:24:9-41:20
	android:screenOrientation
		ADDED from Desktop\dog breeds\AndroidManifest.xml:27:13-49
	android:label
		ADDED from Desktop\dog breeds\AndroidManifest.xml:26:13-65
	tools:ignore
		ADDED from Desktop\dog breeds\AndroidManifest.xml:28:13-53
	android:name
		ADDED from Desktop\dog breeds\AndroidManifest.xml:25:13-47
intent-filter#action:name:android.intent.action.MAIN+category:name:android.intent.category.LAUNCHER
ADDED from Desktop\dog breeds\AndroidManifest.xml:29:13-33:29
action#android.intent.action.MAIN
ADDED from Desktop\dog breeds\AndroidManifest.xml:30:17-69
	android:name
		ADDED from Desktop\dog breeds\AndroidManifest.xml:30:25-66
category#android.intent.category.LAUNCHER
ADDED from Desktop\dog breeds\AndroidManifest.xml:32:17-77
	android:name
		ADDED from Desktop\dog breeds\AndroidManifest.xml:32:27-74
intent-filter#action:name:android.intent.action.SEND+category:name:android.intent.category.DEFAULT+data:mimeType:image/*
ADDED from Desktop\dog breeds\AndroidManifest.xml:34:13-40:29
action#android.intent.action.SEND
ADDED from Desktop\dog breeds\AndroidManifest.xml:35:17-69
	android:name
		ADDED from Desktop\dog breeds\AndroidManifest.xml:35:25-66
category#android.intent.category.DEFAULT
ADDED from Desktop\dog breeds\AndroidManifest.xml:37:17-76
	android:name
		ADDED from Desktop\dog breeds\AndroidManifest.xml:37:27-73
data
ADDED from Desktop\dog breeds\AndroidManifest.xml:39:17-52
	android:mimeType
		ADDED from Desktop\dog breeds\AndroidManifest.xml:39:23-49
activity#com.jstappdev.dbclf.SimpleListActivity
ADDED from Desktop\dog breeds\AndroidManifest.xml:42:9-56
	android:name
		ADDED from Desktop\dog breeds\AndroidManifest.xml:42:19-53
uses-sdk
INJECTED from Desktop\dog breeds\AndroidManifest.xml reason: use-sdk injection requested
INJECTED from Desktop\dog breeds\AndroidManifest.xml
INJECTED from Desktop\dog breeds\AndroidManifest.xml
MERGED from [com.github.PhilJay:MPAndroidChart:v3.1.0] AndroidManifest.xml:16:5-18:41
MERGED from [com.github.PhilJay:MPAndroidChart:v3.1.0] AndroidManifest.xml:16:5-18:41
MERGED from [androidx.legacy:legacy-support-v4:1.0.0] AndroidManifest.xml:20:5-44
MERGED from [androidx.legacy:legacy-support-v4:1.0.0] AndroidManifest.xml:20:5-44
MERGED from [androidx.constraintlayout:constraintlayout:2.0.4] AndroidManifest.xml:5:5-7:41
MERGED from [androidx.constraintlayout:constraintlayout:2.0.4] AndroidManifest.xml:5:5-7:41
MERGED from [androidx.media:media:1.0.0] AndroidManifest.xml:20:5-44
MERGED from [androidx.media:media:1.0.0] AndroidManifest.xml:20:5-44
MERGED from [androidx.legacy:legacy-support-core-ui:1.0.0] AndroidManifest.xml:20:5-44
MERGED from [androidx.legacy:legacy-support-core-ui:1.0.0] AndroidManifest.xml:20:5-44
MERGED from [androidx.legacy:legacy-support-core-utils:1.0.0] AndroidManifest.xml:20:5-44
MERGED from [androidx.legacy:legacy-support-core-utils:1.0.0] AndroidManifest.xml:20:5-44
MERGED from [androidx.appcompat:appcompat:1.2.0] AndroidManifest.xml:20:5-22:41
MERGED from [androidx.appcompat:appcompat:1.2.0] AndroidManifest.xml:20:5-22:41
MERGED from [androidx.fragment:fragment:1.1.0] AndroidManifest.xml:20:5-22:41
MERGED from [androidx.fragment:fragment:1.1.0] AndroidManifest.xml:20:5-22:41
MERGED from [androidx.loader:loader:1.0.0] AndroidManifest.xml:20:5-44
MERGED from [androidx.loader:loader:1.0.0] AndroidManifest.xml:20:5-44
MERGED from [androidx.viewpager:viewpager:1.0.0] AndroidManifest.xml:20:5-44
MERGED from [androidx.viewpager:viewpager:1.0.0] AndroidManifest.xml:20:5-44
MERGED from [androidx.coordinatorlayout:coordinatorlayout:1.0.0] AndroidManifest.xml:20:5-44
MERGED from [androidx.coordinatorlayout:coordinatorlayout:1.0.0] AndroidManifest.xml:20:5-44
MERGED from [androidx.drawerlayout:drawerlayout:1.0.0] AndroidManifest.xml:20:5-44
MERGED from [androidx.drawerlayout:drawerlayout:1.0.0] AndroidManifest.xml:20:5-44
MERGED from [androidx.slidingpanelayout:slidingpanelayout:1.0.0] AndroidManifest.xml:20:5-44
MERGED from [androidx.slidingpanelayout:slidingpanelayout:1.0.0] AndroidManifest.xml:20:5-44
MERGED from [androidx.customview:customview:1.0.0] AndroidManifest.xml:20:5-44
MERGED from [androidx.customview:customview:1.0.0] AndroidManifest.xml:20:5-44
MERGED from [androidx.swiperefreshlayout:swiperefreshlayout:1.0.0] AndroidManifest.xml:20:5-44
MERGED from [androidx.swiperefreshlayout:swiperefreshlayout:1.0.0] AndroidManifest.xml:20:5-44
MERGED from [androidx.asynclayoutinflater:asynclayoutinflater:1.0.0] AndroidManifest.xml:20:5-44
MERGED from [androidx.asynclayoutinflater:asynclayoutinflater:1.0.0] AndroidManifest.xml:20:5-44
MERGED from [androidx.appcompat:appcompat-resources:1.2.0] AndroidManifest.xml:20:5-22:41
MERGED from [androidx.appcompat:appcompat-resources:1.2.0] AndroidManifest.xml:20:5-22:41
MERGED from [androidx.activity:activity:1.0.0] AndroidManifest.xml:20:5-22:41
MERGED from [androidx.activity:activity:1.0.0] AndroidManifest.xml:20:5-22:41
MERGED from [androidx.vectordrawable:vectordrawable-animated:1.1.0] AndroidManifest.xml:20:5-22:41
MERGED from [androidx.vectordrawable:vectordrawable-animated:1.1.0] AndroidManifest.xml:20:5-22:41
MERGED from [androidx.vectordrawable:vectordrawable:1.1.0] AndroidManifest.xml:20:5-22:41
MERGED from [androidx.vectordrawable:vectordrawable:1.1.0] AndroidManifest.xml:20:5-22:41
MERGED from [androidx.core:core:1.3.1] AndroidManifest.xml:20:5-22:41
MERGED from [androidx.core:core:1.3.1] AndroidManifest.xml:20:5-22:41
MERGED from [androidx.documentfile:documentfile:1.0.0] AndroidManifest.xml:20:5-44
MERGED from [androidx.documentfile:documentfile:1.0.0] AndroidManifest.xml:20:5-44
MERGED from [androidx.localbroadcastmanager:localbroadcastmanager:1.0.0] AndroidManifest.xml:20:5-44
MERGED from [androidx.localbroadcastmanager:localbroadcastmanager:1.0.0] AndroidManifest.xml:20:5-44
MERGED from [androidx.print:print:1.0.0] AndroidManifest.xml:20:5-44
MERGED from [androidx.print:print:1.0.0] AndroidManifest.xml:20:5-44
MERGED from [androidx.interpolator:interpolator:1.0.0] AndroidManifest.xml:20:5-44
MERGED from [androidx.interpolator:interpolator:1.0.0] AndroidManifest.xml:20:5-44
MERGED from [androidx.cursoradapter:cursoradapter:1.0.0] AndroidManifest.xml:20:5-44
MERGED from [androidx.cursoradapter:cursoradapter:1.0.0] AndroidManifest.xml:20:5-44
MERGED from [androidx.versionedparcelable:versionedparcelable:1.1.0] AndroidManifest.xml:20:5-22:41
MERGED from [androidx.versionedparcelable:versionedparcelable:1.1.0] AndroidManifest.xml:20:5-22:41
MERGED from [androidx.lifecycle:lifecycle-livedata:2.0.0] AndroidManifest.xml:20:5-44
MERGED from [androidx.lifecycle:lifecycle-livedata:2.0.0] AndroidManifest.xml:20:5-44
MERGED from [androidx.lifecycle:lifecycle-livedata-core:2.0.0] AndroidManifest.xml:20:5-44
MERGED from [androidx.lifecycle:lifecycle-livedata-core:2.0.0] AndroidManifest.xml:20:5-44
MERGED from [androidx.arch.core:core-runtime:2.0.0] AndroidManifest.xml:20:5-44
MERGED from [androidx.arch.core:core-runtime:2.0.0] AndroidManifest.xml:20:5-44
MERGED from [androidx.lifecycle:lifecycle-runtime:2.1.0] AndroidManifest.xml:20:5-44
MERGED from [androidx.lifecycle:lifecycle-runtime:2.1.0] AndroidManifest.xml:20:5-44
MERGED from [androidx.lifecycle:lifecycle-viewmodel:2.1.0] AndroidManifest.xml:20:5-44
MERGED from [androidx.lifecycle:lifecycle-viewmodel:2.1.0] AndroidManifest.xml:20:5-44
MERGED from [androidx.savedstate:savedstate:1.0.0] AndroidManifest.xml:20:5-22:41
MERGED from [androidx.savedstate:savedstate:1.0.0] AndroidManifest.xml:20:5-22:41
INJECTED from Desktop\dog breeds\AndroidManifest.xml
INJECTED from Desktop\dog breeds\AndroidManifest.xml
	android:targetSdkVersion
		INJECTED from Desktop\dog breeds\AndroidManifest.xml
		ADDED from Desktop\dog breeds\AndroidManifest.xml
		INJECTED from Desktop\dog breeds\AndroidManifest.xml
	android:minSdkVersion
		INJECTED from Desktop\dog breeds\AndroidManifest.xml
		ADDED from Desktop\dog breeds\AndroidManifest.xml
		INJECTED from Desktop\dog breeds\AndroidManifest.xml